<?xml version="1.0" encoding="UTF-8"?>
<testsuite name="com.discount.demo.DisacountapiApplicationTests" tests="1" skipped="0" failures="0" errors="0" timestamp="2021-09-18T14:25:47" hostname="DESKTOP-A53GJ71" time="0.735">
  <properties/>
  <testcase name="contextLoads()" classname="com.discount.demo.DisacountapiApplicationTests" time="0.735"/>
  <system-out><![CDATA[16:25:43.911 [Test worker] DEBUG org.springframework.test.context.BootstrapUtils - Instantiating CacheAwareContextLoaderDelegate from class [org.springframework.test.context.cache.DefaultCacheAwareContextLoaderDelegate]
16:25:43.949 [Test worker] DEBUG org.springframework.test.context.BootstrapUtils - Instantiating BootstrapContext using constructor [public org.springframework.test.context.support.DefaultBootstrapContext(java.lang.Class,org.springframework.test.context.CacheAwareContextLoaderDelegate)]
16:25:44.008 [Test worker] DEBUG org.springframework.test.context.BootstrapUtils - Instantiating TestContextBootstrapper for test class [com.discount.demo.DisacountapiApplicationTests] from class [org.springframework.boot.test.context.SpringBootTestContextBootstrapper]
16:25:44.026 [Test worker] INFO org.springframework.boot.test.context.SpringBootTestContextBootstrapper - Neither @ContextConfiguration nor @ContextHierarchy found for test class [com.discount.demo.DisacountapiApplicationTests], using SpringBootContextLoader
16:25:44.036 [Test worker] DEBUG org.springframework.test.context.support.AbstractContextLoader - Did not detect default resource location for test class [com.discount.demo.DisacountapiApplicationTests]: class path resource [com/discount/demo/DisacountapiApplicationTests-context.xml] does not exist
16:25:44.037 [Test worker] DEBUG org.springframework.test.context.support.AbstractContextLoader - Did not detect default resource location for test class [com.discount.demo.DisacountapiApplicationTests]: class path resource [com/discount/demo/DisacountapiApplicationTestsContext.groovy] does not exist
16:25:44.038 [Test worker] INFO org.springframework.test.context.support.AbstractContextLoader - Could not detect default resource locations for test class [com.discount.demo.DisacountapiApplicationTests]: no resource found for suffixes {-context.xml, Context.groovy}.
16:25:44.039 [Test worker] INFO org.springframework.test.context.support.AnnotationConfigContextLoaderUtils - Could not detect default configuration classes for test class [com.discount.demo.DisacountapiApplicationTests]: DisacountapiApplicationTests does not declare any static, non-private, non-final, nested classes annotated with @Configuration.
16:25:44.105 [Test worker] DEBUG org.springframework.test.context.support.ActiveProfilesUtils - Could not find an 'annotation declaring class' for annotation type [org.springframework.test.context.ActiveProfiles] and class [com.discount.demo.DisacountapiApplicationTests]
16:25:44.201 [Test worker] DEBUG org.springframework.context.annotation.ClassPathScanningCandidateComponentProvider - Identified candidate component class: file [C:\Users\FellaH\Documents\workspace-spring-tool-suite-4-4.1\disacountapi\build\classes\java\main\com\discount\demo\DisacountapiApplication.class]
16:25:44.202 [Test worker] INFO org.springframework.boot.test.context.SpringBootTestContextBootstrapper - Found @SpringBootConfiguration com.discount.demo.DisacountapiApplication for test class com.discount.demo.DisacountapiApplicationTests
16:25:44.367 [Test worker] DEBUG org.springframework.boot.test.context.SpringBootTestContextBootstrapper - @TestExecutionListeners is not present for class [com.discount.demo.DisacountapiApplicationTests]: using defaults.
16:25:44.368 [Test worker] INFO org.springframework.boot.test.context.SpringBootTestContextBootstrapper - Loaded default TestExecutionListener class names from location [META-INF/spring.factories]: [org.springframework.boot.test.autoconfigure.restdocs.RestDocsTestExecutionListener, org.springframework.boot.test.autoconfigure.web.client.MockRestServiceServerResetTestExecutionListener, org.springframework.boot.test.autoconfigure.web.servlet.MockMvcPrintOnlyOnFailureTestExecutionListener, org.springframework.boot.test.autoconfigure.web.servlet.WebDriverTestExecutionListener, org.springframework.boot.test.autoconfigure.webservices.client.MockWebServiceServerTestExecutionListener, org.springframework.boot.test.mock.mockito.MockitoTestExecutionListener, org.springframework.boot.test.mock.mockito.ResetMocksTestExecutionListener, org.springframework.test.context.web.ServletTestExecutionListener, org.springframework.test.context.support.DirtiesContextBeforeModesTestExecutionListener, org.springframework.test.context.event.ApplicationEventsTestExecutionListener, org.springframework.test.context.support.DependencyInjectionTestExecutionListener, org.springframework.test.context.support.DirtiesContextTestExecutionListener, org.springframework.test.context.transaction.TransactionalTestExecutionListener, org.springframework.test.context.jdbc.SqlScriptsTestExecutionListener, org.springframework.test.context.event.EventPublishingTestExecutionListener]
16:25:44.402 [Test worker] INFO org.springframework.boot.test.context.SpringBootTestContextBootstrapper - Using TestExecutionListeners: [org.springframework.test.context.web.ServletTestExecutionListener@66d79a57, org.springframework.test.context.support.DirtiesContextBeforeModesTestExecutionListener@3568eec6, org.springframework.test.context.event.ApplicationEventsTestExecutionListener@413077f6, org.springframework.boot.test.mock.mockito.MockitoTestExecutionListener@36d0813b, org.springframework.boot.test.autoconfigure.SpringBootDependencyInjectionTestExecutionListener@6c8fb094, org.springframework.test.context.support.DirtiesContextTestExecutionListener@1e636d1d, org.springframework.test.context.transaction.TransactionalTestExecutionListener@5c2e26e0, org.springframework.test.context.jdbc.SqlScriptsTestExecutionListener@6ec5bd07, org.springframework.test.context.event.EventPublishingTestExecutionListener@7f5fbb5b, org.springframework.boot.test.autoconfigure.restdocs.RestDocsTestExecutionListener@7a513a28, org.springframework.boot.test.autoconfigure.web.client.MockRestServiceServerResetTestExecutionListener@57e50aa4, org.springframework.boot.test.autoconfigure.web.servlet.MockMvcPrintOnlyOnFailureTestExecutionListener@140bb8da, org.springframework.boot.test.autoconfigure.web.servlet.WebDriverTestExecutionListener@160c5c63, org.springframework.boot.test.autoconfigure.webservices.client.MockWebServiceServerTestExecutionListener@657fb4f0, org.springframework.boot.test.mock.mockito.ResetMocksTestExecutionListener@1a3022d1]
16:25:44.408 [Test worker] DEBUG org.springframework.test.context.support.AbstractDirtiesContextTestExecutionListener - Before test class: context [DefaultTestContext@7dcba8ef testClass = DisacountapiApplicationTests, testInstance = [null], testMethod = [null], testException = [null], mergedContextConfiguration = [WebMergedContextConfiguration@4317251b testClass = DisacountapiApplicationTests, locations = '{}', classes = '{class com.discount.demo.DisacountapiApplication}', contextInitializerClasses = '[]', activeProfiles = '{}', propertySourceLocations = '{}', propertySourceProperties = '{org.springframework.boot.test.context.SpringBootTestContextBootstrapper=true}', contextCustomizers = set[org.springframework.boot.test.autoconfigure.actuate.metrics.MetricsExportContextCustomizerFactory$DisableMetricExportContextCustomizer@c8a6b96, org.springframework.boot.test.autoconfigure.properties.PropertyMappingContextCustomizer@0, org.springframework.boot.test.autoconfigure.web.servlet.WebDriverContextCustomizerFactory$Customizer@792ca3c0, org.springframework.boot.test.context.filter.ExcludeFilterContextCustomizer@14657728, org.springframework.boot.test.json.DuplicateJsonObjectContextCustomizerFactory$DuplicateJsonObjectContextCustomizer@6033f39e, org.springframework.boot.test.mock.mockito.MockitoContextCustomizer@0, org.springframework.boot.test.web.client.TestRestTemplateContextCustomizer@60ef96cb, org.springframework.boot.test.context.SpringBootTestArgs@1, org.springframework.boot.test.context.SpringBootTestWebEnvironment@6dca9c76], resourceBasePath = 'src/main/webapp', contextLoader = 'org.springframework.boot.test.context.SpringBootContextLoader', parent = [null]], attributes = map['org.springframework.test.context.web.ServletTestExecutionListener.activateListener' -> true]], class annotated with @DirtiesContext [false] with mode [null].
16:25:44.457 [Test worker] DEBUG org.springframework.test.context.support.TestPropertySourceUtils - Adding inlined properties to environment: {spring.jmx.enabled=false, org.springframework.boot.test.context.SpringBootTestContextBootstrapper=true}

  .   ____          _            __ _ _
 /\\ / ___'_ __ _ _(_)_ __  __ _ \ \ \ \
( ( )\___ | '_ | '_| | '_ \/ _` | \ \ \ \
 \\/  ___)| |_)| | | | | || (_| |  ) ) ) )
  '  |____| .__|_| |_|_| |_\__, | / / / /
 =========|_|==============|___/=/_/_/_/
 :: Spring Boot ::                (v2.5.4)

2021-09-18 16:25:44.854  INFO 20728 --- [    Test worker] c.d.demo.DisacountapiApplicationTests    : Starting DisacountapiApplicationTests using Java 13.0.2 on DESKTOP-A53GJ71 with PID 20728 (started by FellaH in C:\Users\FellaH\Documents\workspace-spring-tool-suite-4-4.1\disacountapi)
2021-09-18 16:25:44.858  INFO 20728 --- [    Test worker] c.d.demo.DisacountapiApplicationTests    : No active profile set, falling back to default profiles: default
2021-09-18 16:25:45.452  INFO 20728 --- [    Test worker] .s.d.r.c.RepositoryConfigurationDelegate : Bootstrapping Spring Data Map repositories in DEFAULT mode.
2021-09-18 16:25:45.515  INFO 20728 --- [    Test worker] .s.d.r.c.RepositoryConfigurationDelegate : Finished Spring Data repository scanning in 50 ms. Found 1 Map repository interfaces.
2021-09-18 16:25:47.201  INFO 20728 --- [    Test worker] c.d.demo.DisacountapiApplicationTests    : Started DisacountapiApplicationTests in 2.731 seconds (JVM running for 4.883)
]]></system-out>
  <system-err><![CDATA[]]></system-err>
</testsuite>
