<?xml version="1.0" encoding="UTF-8"?>
<testsuite name="com.discount.demo.DisacountapiApplicationTests" tests="5" skipped="0" failures="0" errors="0" timestamp="2021-09-19T03:20:08" hostname="DESKTOP-A53GJ71" time="0.926">
  <properties/>
  <testcase name="discountBillOnEmployee()" classname="com.discount.demo.DisacountapiApplicationTests" time="0.874"/>
  <testcase name="discountBillOnAffilliate()" classname="com.discount.demo.DisacountapiApplicationTests" time="0.016"/>
  <testcase name="discountBillOnTwoYearsCustomer()" classname="com.discount.demo.DisacountapiApplicationTests" time="0.016"/>
  <testcase name="contextLoads()" classname="com.discount.demo.DisacountapiApplicationTests" time="0.003"/>
  <testcase name="discountGrocery()" classname="com.discount.demo.DisacountapiApplicationTests" time="0.01"/>
  <system-out><![CDATA[05:20:04.194 [Test worker] DEBUG org.springframework.test.context.BootstrapUtils - Instantiating CacheAwareContextLoaderDelegate from class [org.springframework.test.context.cache.DefaultCacheAwareContextLoaderDelegate]
05:20:04.240 [Test worker] DEBUG org.springframework.test.context.BootstrapUtils - Instantiating BootstrapContext using constructor [public org.springframework.test.context.support.DefaultBootstrapContext(java.lang.Class,org.springframework.test.context.CacheAwareContextLoaderDelegate)]
05:20:04.315 [Test worker] DEBUG org.springframework.test.context.BootstrapUtils - Instantiating TestContextBootstrapper for test class [com.discount.demo.DisacountapiApplicationTests] from class [org.springframework.boot.test.context.SpringBootTestContextBootstrapper]
05:20:04.340 [Test worker] INFO org.springframework.boot.test.context.SpringBootTestContextBootstrapper - Neither @ContextConfiguration nor @ContextHierarchy found for test class [com.discount.demo.DisacountapiApplicationTests], using SpringBootContextLoader
05:20:04.351 [Test worker] DEBUG org.springframework.test.context.support.AbstractContextLoader - Did not detect default resource location for test class [com.discount.demo.DisacountapiApplicationTests]: class path resource [com/discount/demo/DisacountapiApplicationTests-context.xml] does not exist
05:20:04.352 [Test worker] DEBUG org.springframework.test.context.support.AbstractContextLoader - Did not detect default resource location for test class [com.discount.demo.DisacountapiApplicationTests]: class path resource [com/discount/demo/DisacountapiApplicationTestsContext.groovy] does not exist
05:20:04.353 [Test worker] INFO org.springframework.test.context.support.AbstractContextLoader - Could not detect default resource locations for test class [com.discount.demo.DisacountapiApplicationTests]: no resource found for suffixes {-context.xml, Context.groovy}.
05:20:04.355 [Test worker] INFO org.springframework.test.context.support.AnnotationConfigContextLoaderUtils - Could not detect default configuration classes for test class [com.discount.demo.DisacountapiApplicationTests]: DisacountapiApplicationTests does not declare any static, non-private, non-final, nested classes annotated with @Configuration.
05:20:04.463 [Test worker] DEBUG org.springframework.test.context.support.ActiveProfilesUtils - Could not find an 'annotation declaring class' for annotation type [org.springframework.test.context.ActiveProfiles] and class [com.discount.demo.DisacountapiApplicationTests]
05:20:04.580 [Test worker] DEBUG org.springframework.context.annotation.ClassPathScanningCandidateComponentProvider - Identified candidate component class: file [C:\Users\FellaH\Documents\workspace-spring-tool-suite-4-4.1\disacountapi\build\classes\java\main\com\discount\demo\DisacountapiApplication.class]
05:20:04.582 [Test worker] INFO org.springframework.boot.test.context.SpringBootTestContextBootstrapper - Found @SpringBootConfiguration com.discount.demo.DisacountapiApplication for test class com.discount.demo.DisacountapiApplicationTests
05:20:04.797 [Test worker] DEBUG org.springframework.boot.test.context.SpringBootTestContextBootstrapper - @TestExecutionListeners is not present for class [com.discount.demo.DisacountapiApplicationTests]: using defaults.
05:20:04.798 [Test worker] INFO org.springframework.boot.test.context.SpringBootTestContextBootstrapper - Loaded default TestExecutionListener class names from location [META-INF/spring.factories]: [org.springframework.boot.test.autoconfigure.restdocs.RestDocsTestExecutionListener, org.springframework.boot.test.autoconfigure.web.client.MockRestServiceServerResetTestExecutionListener, org.springframework.boot.test.autoconfigure.web.servlet.MockMvcPrintOnlyOnFailureTestExecutionListener, org.springframework.boot.test.autoconfigure.web.servlet.WebDriverTestExecutionListener, org.springframework.boot.test.autoconfigure.webservices.client.MockWebServiceServerTestExecutionListener, org.springframework.boot.test.mock.mockito.MockitoTestExecutionListener, org.springframework.boot.test.mock.mockito.ResetMocksTestExecutionListener, org.springframework.test.context.web.ServletTestExecutionListener, org.springframework.test.context.support.DirtiesContextBeforeModesTestExecutionListener, org.springframework.test.context.event.ApplicationEventsTestExecutionListener, org.springframework.test.context.support.DependencyInjectionTestExecutionListener, org.springframework.test.context.support.DirtiesContextTestExecutionListener, org.springframework.test.context.transaction.TransactionalTestExecutionListener, org.springframework.test.context.jdbc.SqlScriptsTestExecutionListener, org.springframework.test.context.event.EventPublishingTestExecutionListener]
05:20:04.830 [Test worker] INFO org.springframework.boot.test.context.SpringBootTestContextBootstrapper - Using TestExecutionListeners: [org.springframework.test.context.web.ServletTestExecutionListener@458ab2f, org.springframework.test.context.support.DirtiesContextBeforeModesTestExecutionListener@49a5f340, org.springframework.test.context.event.ApplicationEventsTestExecutionListener@6e67a401, org.springframework.boot.test.mock.mockito.MockitoTestExecutionListener@23361da6, org.springframework.boot.test.autoconfigure.SpringBootDependencyInjectionTestExecutionListener@62f6cb3c, org.springframework.test.context.support.DirtiesContextTestExecutionListener@4af1bd1, org.springframework.test.context.transaction.TransactionalTestExecutionListener@57bbe0e9, org.springframework.test.context.jdbc.SqlScriptsTestExecutionListener@44f30c95, org.springframework.test.context.event.EventPublishingTestExecutionListener@1008801c, org.springframework.boot.test.autoconfigure.restdocs.RestDocsTestExecutionListener@6c85605f, org.springframework.boot.test.autoconfigure.web.client.MockRestServiceServerResetTestExecutionListener@6431698e, org.springframework.boot.test.autoconfigure.web.servlet.MockMvcPrintOnlyOnFailureTestExecutionListener@387a4639, org.springframework.boot.test.autoconfigure.web.servlet.WebDriverTestExecutionListener@6c26294a, org.springframework.boot.test.autoconfigure.webservices.client.MockWebServiceServerTestExecutionListener@2b663b09, org.springframework.boot.test.mock.mockito.ResetMocksTestExecutionListener@44744af2]
05:20:04.837 [Test worker] DEBUG org.springframework.test.context.support.AbstractDirtiesContextTestExecutionListener - Before test class: context [DefaultTestContext@3ea6848e testClass = DisacountapiApplicationTests, testInstance = [null], testMethod = [null], testException = [null], mergedContextConfiguration = [WebMergedContextConfiguration@55d8f4 testClass = DisacountapiApplicationTests, locations = '{}', classes = '{class com.discount.demo.DisacountapiApplication}', contextInitializerClasses = '[]', activeProfiles = '{}', propertySourceLocations = '{}', propertySourceProperties = '{org.springframework.boot.test.context.SpringBootTestContextBootstrapper=true, server.port=0}', contextCustomizers = set[org.springframework.boot.test.autoconfigure.actuate.metrics.MetricsExportContextCustomizerFactory$DisableMetricExportContextCustomizer@2acb161c, org.springframework.boot.test.autoconfigure.properties.PropertyMappingContextCustomizer@4b3fa0b3, org.springframework.boot.test.autoconfigure.web.servlet.WebDriverContextCustomizerFactory$Customizer@7594021d, [ImportsContextCustomizer@3c99a8f key = [org.springframework.boot.test.autoconfigure.web.servlet.MockMvcAutoConfiguration, org.springframework.boot.test.autoconfigure.web.servlet.MockMvcWebClientAutoConfiguration, org.springframework.boot.test.autoconfigure.web.servlet.MockMvcWebDriverAutoConfiguration, org.springframework.boot.autoconfigure.security.oauth2.client.servlet.OAuth2ClientAutoConfiguration, org.springframework.boot.autoconfigure.security.oauth2.resource.servlet.OAuth2ResourceServerAutoConfiguration, org.springframework.boot.autoconfigure.security.servlet.SecurityAutoConfiguration, org.springframework.boot.autoconfigure.security.servlet.SecurityFilterAutoConfiguration, org.springframework.boot.autoconfigure.security.servlet.UserDetailsServiceAutoConfiguration, org.springframework.boot.test.autoconfigure.web.servlet.MockMvcSecurityConfiguration]], org.springframework.boot.test.context.filter.ExcludeFilterContextCustomizer@72801c1e, org.springframework.boot.test.json.DuplicateJsonObjectContextCustomizerFactory$DuplicateJsonObjectContextCustomizer@77703e6e, org.springframework.boot.test.mock.mockito.MockitoContextCustomizer@0, org.springframework.boot.test.web.client.TestRestTemplateContextCustomizer@1f8e65a1, org.springframework.boot.test.context.SpringBootTestArgs@1, org.springframework.boot.test.context.SpringBootTestWebEnvironment@52231ac9], resourceBasePath = 'src/main/webapp', contextLoader = 'org.springframework.boot.test.context.SpringBootContextLoader', parent = [null]], attributes = map['org.springframework.test.context.web.ServletTestExecutionListener.activateListener' -> false]], class annotated with @DirtiesContext [false] with mode [null].
05:20:04.859 [Test worker] DEBUG org.springframework.test.context.support.DependencyInjectionTestExecutionListener - Performing dependency injection for test context [[DefaultTestContext@3ea6848e testClass = DisacountapiApplicationTests, testInstance = com.discount.demo.DisacountapiApplicationTests@16c4b521, testMethod = [null], testException = [null], mergedContextConfiguration = [WebMergedContextConfiguration@55d8f4 testClass = DisacountapiApplicationTests, locations = '{}', classes = '{class com.discount.demo.DisacountapiApplication}', contextInitializerClasses = '[]', activeProfiles = '{}', propertySourceLocations = '{}', propertySourceProperties = '{org.springframework.boot.test.context.SpringBootTestContextBootstrapper=true, server.port=0}', contextCustomizers = set[org.springframework.boot.test.autoconfigure.actuate.metrics.MetricsExportContextCustomizerFactory$DisableMetricExportContextCustomizer@2acb161c, org.springframework.boot.test.autoconfigure.properties.PropertyMappingContextCustomizer@4b3fa0b3, org.springframework.boot.test.autoconfigure.web.servlet.WebDriverContextCustomizerFactory$Customizer@7594021d, [ImportsContextCustomizer@3c99a8f key = [org.springframework.boot.test.autoconfigure.web.servlet.MockMvcAutoConfiguration, org.springframework.boot.test.autoconfigure.web.servlet.MockMvcWebClientAutoConfiguration, org.springframework.boot.test.autoconfigure.web.servlet.MockMvcWebDriverAutoConfiguration, org.springframework.boot.autoconfigure.security.oauth2.client.servlet.OAuth2ClientAutoConfiguration, org.springframework.boot.autoconfigure.security.oauth2.resource.servlet.OAuth2ResourceServerAutoConfiguration, org.springframework.boot.autoconfigure.security.servlet.SecurityAutoConfiguration, org.springframework.boot.autoconfigure.security.servlet.SecurityFilterAutoConfiguration, org.springframework.boot.autoconfigure.security.servlet.UserDetailsServiceAutoConfiguration, org.springframework.boot.test.autoconfigure.web.servlet.MockMvcSecurityConfiguration]], org.springframework.boot.test.context.filter.ExcludeFilterContextCustomizer@72801c1e, org.springframework.boot.test.json.DuplicateJsonObjectContextCustomizerFactory$DuplicateJsonObjectContextCustomizer@77703e6e, org.springframework.boot.test.mock.mockito.MockitoContextCustomizer@0, org.springframework.boot.test.web.client.TestRestTemplateContextCustomizer@1f8e65a1, org.springframework.boot.test.context.SpringBootTestArgs@1, org.springframework.boot.test.context.SpringBootTestWebEnvironment@52231ac9], resourceBasePath = 'src/main/webapp', contextLoader = 'org.springframework.boot.test.context.SpringBootContextLoader', parent = [null]], attributes = map['org.springframework.test.context.web.ServletTestExecutionListener.activateListener' -> false, 'org.springframework.test.context.event.ApplicationEventsTestExecutionListener.recordApplicationEvents' -> false]]].
05:20:04.904 [Test worker] DEBUG org.springframework.test.context.support.TestPropertySourceUtils - Adding inlined properties to environment: {spring.jmx.enabled=false, org.springframework.boot.test.context.SpringBootTestContextBootstrapper=true, server.port=0}

  .   ____          _            __ _ _
 /\\ / ___'_ __ _ _(_)_ __  __ _ \ \ \ \
( ( )\___ | '_ | '_| | '_ \/ _` | \ \ \ \
 \\/  ___)| |_)| | | | | || (_| |  ) ) ) )
  '  |____| .__|_| |_|_| |_\__, | / / / /
 =========|_|==============|___/=/_/_/_/
 :: Spring Boot ::                (v2.5.4)

2021-09-19 05:20:05.386  INFO 35732 --- [    Test worker] c.d.demo.DisacountapiApplicationTests    : Starting DisacountapiApplicationTests using Java 13.0.2 on DESKTOP-A53GJ71 with PID 35732 (started by FellaH in C:\Users\FellaH\Documents\workspace-spring-tool-suite-4-4.1\disacountapi)
2021-09-19 05:20:05.389  INFO 35732 --- [    Test worker] c.d.demo.DisacountapiApplicationTests    : No active profile set, falling back to default profiles: default
2021-09-19 05:20:06.058  INFO 35732 --- [    Test worker] .s.d.r.c.RepositoryConfigurationDelegate : Bootstrapping Spring Data Map repositories in DEFAULT mode.
2021-09-19 05:20:06.124  INFO 35732 --- [    Test worker] .s.d.r.c.RepositoryConfigurationDelegate : Finished Spring Data repository scanning in 52 ms. Found 1 Map repository interfaces.
2021-09-19 05:20:07.192  INFO 35732 --- [    Test worker] o.s.b.w.embedded.tomcat.TomcatWebServer  : Tomcat initialized with port(s): 0 (http)
2021-09-19 05:20:07.213  INFO 35732 --- [    Test worker] o.apache.catalina.core.StandardService   : Starting service [Tomcat]
2021-09-19 05:20:07.213  INFO 35732 --- [    Test worker] org.apache.catalina.core.StandardEngine  : Starting Servlet engine: [Apache Tomcat/9.0.52]
2021-09-19 05:20:07.355  INFO 35732 --- [    Test worker] o.a.c.c.C.[Tomcat].[localhost].[/]       : Initializing Spring embedded WebApplicationContext
2021-09-19 05:20:07.355  INFO 35732 --- [    Test worker] w.s.c.ServletWebServerApplicationContext : Root WebApplicationContext: initialization completed in 1941 ms
2021-09-19 05:20:08.559  INFO 35732 --- [    Test worker] o.a.c.c.C.[Tomcat].[localhost].[/]       : Initializing Spring TestDispatcherServlet ''
2021-09-19 05:20:08.559  INFO 35732 --- [    Test worker] o.s.t.web.servlet.TestDispatcherServlet  : Initializing Servlet ''
2021-09-19 05:20:08.560  INFO 35732 --- [    Test worker] o.s.t.web.servlet.TestDispatcherServlet  : Completed initialization in 1 ms
2021-09-19 05:20:08.640  INFO 35732 --- [    Test worker] o.s.b.w.embedded.tomcat.TomcatWebServer  : Tomcat started on port(s): 63912 (http) with context path ''
2021-09-19 05:20:08.652  INFO 35732 --- [    Test worker] c.d.demo.DisacountapiApplicationTests    : Started DisacountapiApplicationTests in 3.741 seconds (JVM running for 8.173)
]]></system-out>
  <system-err><![CDATA[]]></system-err>
</testsuite>
